<?xml version="1.0" encoding="UTF-8"?>
<testng-results ignored="0" total="1" passed="1" failed="0" skipped="0">
  <reporter-output>
  </reporter-output>
  <suite started-at="2023-01-29T02:18:55 EST" name="Default suite" finished-at="2023-01-29T02:18:56 EST" duration-ms="1073">
    <groups>
    </groups>
    <test started-at="2023-01-29T02:18:55 EST" name="Default test" finished-at="2023-01-29T02:18:56 EST" duration-ms="1073">
      <class name="TestNG.Example.NewTest">
        <test-method is-config="true" signature="beforeTest()[pri:0, instance:TestNG.Example.NewTest@45792847]" started-at="2023-01-29T02:18:55 EST" name="beforeTest" finished-at="2023-01-29T02:18:55 EST" duration-ms="8" status="PASS">
          <reporter-output>
          </reporter-output>
        </test-method> <!-- beforeTest -->
        <test-method signature="myTestMethod()[pri:0, instance:TestNG.Example.NewTest@45792847]" started-at="2023-01-29T02:18:55 EST" name="myTestMethod" finished-at="2023-01-29T02:18:56 EST" duration-ms="904" status="PASS">
          <reporter-output>
          </reporter-output>
        </test-method> <!-- myTestMethod -->
        <test-method is-config="true" signature="afterTest()[pri:0, instance:TestNG.Example.NewTest@45792847]" started-at="2023-01-29T02:18:56 EST" name="afterTest" finished-at="2023-01-29T02:18:56 EST" duration-ms="136" status="PASS">
          <reporter-output>
          </reporter-output>
        </test-method> <!-- afterTest -->
      </class> <!-- TestNG.Example.NewTest -->
    </test> <!-- Default test -->
  </suite> <!-- Default suite -->
</testng-results>
